# A fatal error has been detected by the Java Runtime Environment:
#
#  EXCEPTION_ACCESS_VIOLATION (0xc0000005) at pc=0x00007ff918000075, pid=14220, tid=8968
#
# JRE version: OpenJDK Runtime Environment Temurin-21.0.1+12 (21.0.1+12) (build 21.0.1+12-LTS)
# Java VM: OpenJDK 64-Bit Server VM Temurin-21.0.1+12 (21.0.1+12-LTS, mixed mode, sharing, tiered, compressed oops, compressed class ptrs, g1 gc, windows-amd64)
# Problematic frame:
# C  [librdi_filemgmt.dll+0x380075]srcscan starts
=============== Using vdb files for VHDL std libs ===========
INFO: VHDL library search path for library "std" is now "C:/Xilinx/Vivado/2024.1/data/precomp_hsv/vhdl/std" (VHDL-1505)
INFO: VHDL library search path for library "synopsys" is now "C:/Xilinx/Vivado/2024.1/data/precomp_hsv/vhdl/synopsys" (VHDL-1505)
INFO: VHDL library search path for library "ieee" is now "C:/Xilinx/Vivado/2024.1/data/precomp_hsv/vhdl/ieee" (VHDL-1505)
INFO: VHDL library search path for library "unimacro" is now "C:/Xilinx/Vivado/2024.1/data/precomp_hsv/vhdl/unimacro" (VHDL-1505)
INFO: VHDL library search path for library "unisim" is now "C:/Xilinx/Vivado/2024.1/data/precomp_hsv/vhdl/unisim" (VHDL-1505)
INFO: VHDL library search path for library "vl" is now "C:/Xilinx/Vivado/2024.1/data/precomp_hsv/vhdl/vl" (VHDL-1505)
INFO: VHDL library search path for library "xpm" is now "C:/Xilinx/Vivado/2024.1/data/precomp_hsv/vhdl/xpm" (VHDL-1505)
-- Analyzing VHDL file "C:/Users/Usuario/AppData/Local/Temp/VivadoEditorAssist9101105849942177263.tmp" into library xil_defaultlib (VHDL-9003)
INFO: analyzing entity 'decoder' (VHDL-1012)
INFO: analyzing architecture 'Behavioral' of entity 'decoder' (VHDL-9006)
-- Analyzing VHDL file "C:/Users/Usuario/Desktop/TRABAJO SED/trabajo_sed_debug/trabajo_sed.srcs/sources_1/new/FSM.vhd" into library xil_defaultlib (VHDL-9003)
INFO: analyzing entity 'FSM' (VHDL-1012)
INFO: analyzing architecture 'behavioral' of entity 'fsm' (VHDL-9006)
-- Analyzing VHDL file "C:/Users/Usuario/Desktop/TRABAJO SED/trabajo_sed_debug/trabajo_sed.srcs/sources_1/new/contador.vhd" into library xil_defaultlib (VHDL-9003)
INFO: analyzing entity 'contador' (VHDL-1012)
INFO: analyzing architecture 'behavioral' of entity 'contador' (VHDL-9006)
-- Analyzing VHDL file "C:/Users/Usuario/Desktop/TRABAJO SED/trabajo_sed_debug/trabajo_sed.srcs/sources_1/new/edgedtctr.vhd" into library xil_defaultlib (VHDL-9003)
INFO: analyzing entity 'edgedtctr' (VHDL-1012)
INFO: analyzing architecture 'behavioral' of entity 'edgedtctr' (VHDL-9006)
-- Analyzing VHDL file "C:/Users/Usuario/Desktop/TRABAJO SED/trabajo_sed_debug/trabajo_sed.srcs/sources_1/new/synchrnzr.vhd" into library xil_defaultlib (VHDL-9003)
INFO: analyzing entity 'synchrnzr' (VHDL-1012)
INFO: analyzing architecture 'behavioral' of entity 'synchrnzr' (VHDL-9006)
-- Analyzing VHDL file "C:/Users/Usuario/Desktop/TRABAJO SED/trabajo_sed_debug/trabajo_sed.srcs/sources_1/new/timer.vhd" into library xil_defaultlib (VHDL-9003)
INFO: analyzing entity 'timer' (VHDL-1012)
INFO: analyzing architecture 'Behavioral' of entity 'timer' (VHDL-9006)
-- Analyzing VHDL file "C:/Users/Usuario/Desktop/TRABAJO SED/trabajo_sed_debug/trabajo_sed.srcs/sources_1/new/top.vhd" into library xil_defaultlib (VHDL-9003)
INFO: analyzing entity 'top' (VHDL-1012)
INFO: analyzing architecture 'behavioral' of entity 'top' (VHDL-9006)
srcscan exits with return value 0
