Vivado Simulator v2024.1
Copyright 1986-2022 Xilinx, Inc. All Rights Reserved.
Copyright 2022-2024 Advanced Micro Devices, Inc. All Rights Reserved.
Running: C:/Xilinx/Vivado/2024.1/bin/unwrapped/win64.o/xelab.exe --incr --debug typical --relax --mt 2 -L xil_defaultlib -L secureip --snapshot decoder_tb_behav xil_defaultlib.decoder_tb -log elaborate.log 
Using 2 slave threads.
Starting static elaboration
WARNING: [VRFC 10-1537] value 489 is out of target constraint range 0 to 201 [C:/Users/Usuario/Desktop/TRABAJO SED/trabajo_sed_debug/trabajo_sed.srcs/sim_1/new/decoder_tb.vhd:61]
WARNING: [VRFC 10-1537] value 654 is out of target constraint range 0 to 201 [C:/Users/Usuario/Desktop/TRABAJO SED/trabajo_sed_debug/trabajo_sed.srcs/sim_1/new/decoder_tb.vhd:63]
Completed static elaboration
Starting simulation data flow analysis
Completed simulation data flow analysis
Time Resolution for simulation is 1ps
Compiling package std.standard
Compiling package std.textio
Compiling package ieee.std_logic_1164
Compiling package ieee.std_logic_arith
Compiling package ieee.std_logic_unsigned
Compiling architecture behavioral of entity xil_defaultlib.decoder [decoder_default]
Compiling architecture behavioral of entity xil_defaultlib.decoder_tb
Built simulation snapshot decoder_tb_behav
